    1.0473     1.7159    -0.8052     0.8852     9.2641
    0.9326     2.0533    -1.0493     1.1309     3.9900
    1.0152     1.9537    -0.9681     0.9738     1.6988
    0.9890     2.0114    -1.0103     1.0214     0.7260
    1.0032     1.9922    -0.9945     0.9944     0.3092
    0.9981     2.0023    -1.0020     1.0036     0.1320
    1.0006     1.9987    -0.9990     0.9989     0.0562
    0.9997     2.0004    -1.0004     1.0006     0.0240
    1.0001     1.9998    -0.9998     0.9998     0.0102
    0.9999     2.0001    -1.0001     1.0001     0.0044
    1.0000     2.0000    -1.0000     1.0000     0.0019
    1.0000     2.0000    -1.0000     1.0000     0.0008
    1.0000     2.0000    -1.0000     1.0000     0.0003
    1.0000     2.0000    -1.0000     1.0000     0.0001
    1.0000     2.0000    -1.0000     1.0000     0.0001
    1.0000     2.0000    -1.0000     1.0000     0.0000
    1.0000     2.0000    -1.0000     1.0000     0.0000
    1.0000     2.0000    -1.0000     1.0000     0.0000
    1.0000     2.0000    -1.0000     1.0000     0.0000
    1.0000     2.0000    -1.0000     1.0000     0.0000
